<?xml version="1.0" encoding="UTF-8"?>
<!-- Generated by org.testng.reporters.JUnitXMLReporter -->
<testsuite ignored="0" hostname="DESKTOP-9GL3C6H" failures="0" tests="12" name="Login Page test case" time="17.357" errors="0" timestamp="2023-02-10T11:34:09 IST">
  <testcase classname="swag_testcase.Login_page_Test_Case" name="login_Test_case" time="0.532"/>
  <testcase classname="swag_testcase.Login_page_Test_Case" name="login_Test_case" time="0.411"/>
  <testcase classname="swag_testcase.Login_page_Test_Case" name="login_Test_case" time="0.311"/>
  <testcase classname="swag_testcase.Login_page_Test_Case" name="login_Test_case" time="5.331"/>
  <testcase classname="swag_testcase.Login_page_Test_Case" name="login_Test_case" time="0.328"/>
  <testcase classname="swag_testcase.Login_page_Test_Case" name="login_Test_case" time="0.333"/>
  <testcase classname="swag_testcase.Login_page_Test_Case" name="login_Test_case" time="0.316"/>
  <testcase classname="swag_testcase.Login_page_Test_Case" name="login_Test_case" time="0.32"/>
  <testcase classname="swag_testcase.Login_page_Test_Case" name="login_Test_case" time="0.339"/>
  <testcase classname="swag_testcase.Login_page_Test_Case" name="login_Test_case" time="0.327"/>
  <testcase classname="swag_testcase.Login_page_Test_Case" name="login_Test_case" time="0.301"/>
  <testcase classname="swag_testcase.Login_page_Test_Case" name="login_Test_case" time="5.312"/>
</testsuite> <!-- Login Page test case -->
