<?xml version="1.0" encoding="UTF-8"?>
<testng-results ignored="0" total="2" passed="2" failed="0" skipped="0">
  <reporter-output>
  </reporter-output>
  <suite started-at="2023-01-28T11:07:11 IST" name="Swag Labs Test Suite" finished-at="2023-01-28T11:07:13 IST" duration-ms="1913">
    <groups>
    </groups>
    <test started-at="2023-01-28T11:07:11 IST" name="Login test case" finished-at="2023-01-28T11:07:13 IST" duration-ms="1503">
      <class name="swag_testcase.Login_test_cases">
        <test-method signature="login()[pri:0, instance:swag_testcase.Login_test_cases@1b6e1eff]" started-at="2023-01-28T11:07:11 IST" name="login" finished-at="2023-01-28T11:07:13 IST" duration-ms="1428" status="PASS">
          <reporter-output>
          </reporter-output>
        </test-method> <!-- login -->
      </class> <!-- swag_testcase.Login_test_cases -->
    </test> <!-- Login test case -->
    <test started-at="2023-01-28T11:07:13 IST" name="Add To Cart test case" finished-at="2023-01-28T11:07:13 IST" duration-ms="291">
      <class name="swag_testcase.Add_To_cart_test_cases">
        <test-method is-config="true" signature="launchbrowser()[pri:0, instance:swag_testcase.Add_To_cart_test_cases@57d7f8ca]" started-at="2023-01-28T11:07:08 IST" name="launchbrowser" finished-at="2023-01-28T11:07:11 IST" duration-ms="3182" status="PASS">
          <reporter-output>
          </reporter-output>
        </test-method> <!-- launchbrowser -->
        <test-method signature="addcart()[pri:0, instance:swag_testcase.Add_To_cart_test_cases@57d7f8ca]" started-at="2023-01-28T11:07:13 IST" name="addcart" finished-at="2023-01-28T11:07:13 IST" duration-ms="284" status="PASS">
          <reporter-output>
          </reporter-output>
        </test-method> <!-- addcart -->
        <test-method is-config="true" signature="teardown()[pri:0, instance:swag_testcase.Add_To_cart_test_cases@57d7f8ca]" started-at="2023-01-28T11:07:13 IST" name="teardown" finished-at="2023-01-28T11:07:13 IST" duration-ms="1" status="PASS">
          <reporter-output>
          </reporter-output>
        </test-method> <!-- teardown -->
      </class> <!-- swag_testcase.Add_To_cart_test_cases -->
    </test> <!-- Add To Cart test case -->
  </suite> <!-- Swag Labs Test Suite -->
</testng-results>
