<?xml version="1.0" encoding="UTF-8"?>
<testng-results ignored="0" total="12" passed="12" failed="0" skipped="0">
  <reporter-output>
  </reporter-output>
  <suite started-at="2023-02-10T11:33:52 IST" name="Swag Labs Test Suite" finished-at="2023-02-10T11:34:09 IST" duration-ms="17357">
    <groups>
    </groups>
    <test started-at="2023-02-10T11:33:52 IST" name="Login Page test case" finished-at="2023-02-10T11:34:09 IST" duration-ms="17357">
      <class name="swag_testcase.Login_page_Test_Case">
        <test-method is-config="true" signature="launchbrowser()[pri:0, instance:swag_testcase.Login_page_Test_Case@932bc4a]" started-at="2023-02-10T11:33:52 IST" name="launchbrowser" finished-at="2023-02-10T11:33:55 IST" duration-ms="3044" status="PASS">
          <reporter-output>
          </reporter-output>
        </test-method> <!-- launchbrowser -->
        <test-method signature="login_Test_case(java.lang.String,java.lang.String)[pri:0, instance:swag_testcase.Login_page_Test_Case@932bc4a]" started-at="2023-02-10T11:33:55 IST" name="login_Test_case" data-provider="excelvalue" finished-at="2023-02-10T11:33:55 IST" duration-ms="532" status="PASS">
          <params>
            <param index="0">
              <value>
                <![CDATA[standard_user]]>
              </value>
            </param>
            <param index="1">
              <value>
                <![CDATA[secret_sauce]]>
              </value>
            </param>
          </params>
          <reporter-output>
          </reporter-output>
        </test-method> <!-- login_Test_case -->
        <test-method signature="login_Test_case(java.lang.String,java.lang.String)[pri:0, instance:swag_testcase.Login_page_Test_Case@932bc4a]" started-at="2023-02-10T11:33:55 IST" name="login_Test_case" data-provider="excelvalue" finished-at="2023-02-10T11:33:56 IST" duration-ms="411" status="PASS">
          <params>
            <param index="0">
              <value>
                <![CDATA[locked_out_user]]>
              </value>
            </param>
            <param index="1">
              <value>
                <![CDATA[secret_sauce]]>
              </value>
            </param>
          </params>
          <reporter-output>
          </reporter-output>
        </test-method> <!-- login_Test_case -->
        <test-method signature="login_Test_case(java.lang.String,java.lang.String)[pri:0, instance:swag_testcase.Login_page_Test_Case@932bc4a]" started-at="2023-02-10T11:33:56 IST" name="login_Test_case" data-provider="excelvalue" finished-at="2023-02-10T11:33:56 IST" duration-ms="311" status="PASS">
          <params>
            <param index="0">
              <value>
                <![CDATA[problem_user]]>
              </value>
            </param>
            <param index="1">
              <value>
                <![CDATA[secret_sauce]]>
              </value>
            </param>
          </params>
          <reporter-output>
          </reporter-output>
        </test-method> <!-- login_Test_case -->
        <test-method signature="login_Test_case(java.lang.String,java.lang.String)[pri:0, instance:swag_testcase.Login_page_Test_Case@932bc4a]" started-at="2023-02-10T11:33:56 IST" name="login_Test_case" data-provider="excelvalue" finished-at="2023-02-10T11:34:01 IST" duration-ms="5331" status="PASS">
          <params>
            <param index="0">
              <value>
                <![CDATA[performance_glitch_user]]>
              </value>
            </param>
            <param index="1">
              <value>
                <![CDATA[secret_sauce]]>
              </value>
            </param>
          </params>
          <reporter-output>
          </reporter-output>
        </test-method> <!-- login_Test_case -->
        <test-method signature="login_Test_case(java.lang.String,java.lang.String)[pri:0, instance:swag_testcase.Login_page_Test_Case@932bc4a]" started-at="2023-02-10T11:34:01 IST" name="login_Test_case" data-provider="excelvalue" finished-at="2023-02-10T11:34:02 IST" duration-ms="328" status="PASS">
          <params>
            <param index="0">
              <value>
                <![CDATA[standard_user]]>
              </value>
            </param>
            <param index="1">
              <value>
                <![CDATA[sfffyrgfygry]]>
              </value>
            </param>
          </params>
          <reporter-output>
          </reporter-output>
        </test-method> <!-- login_Test_case -->
        <test-method signature="login_Test_case(java.lang.String,java.lang.String)[pri:0, instance:swag_testcase.Login_page_Test_Case@932bc4a]" started-at="2023-02-10T11:34:02 IST" name="login_Test_case" data-provider="excelvalue" finished-at="2023-02-10T11:34:02 IST" duration-ms="333" status="PASS">
          <params>
            <param index="0">
              <value>
                <![CDATA[locked_out_user]]>
              </value>
            </param>
            <param index="1">
              <value>
                <![CDATA[sfffyrgfygry]]>
              </value>
            </param>
          </params>
          <reporter-output>
          </reporter-output>
        </test-method> <!-- login_Test_case -->
        <test-method signature="login_Test_case(java.lang.String,java.lang.String)[pri:0, instance:swag_testcase.Login_page_Test_Case@932bc4a]" started-at="2023-02-10T11:34:02 IST" name="login_Test_case" data-provider="excelvalue" finished-at="2023-02-10T11:34:02 IST" duration-ms="316" status="PASS">
          <params>
            <param index="0">
              <value>
                <![CDATA[problem_user]]>
              </value>
            </param>
            <param index="1">
              <value>
                <![CDATA[sfffyrgfygry]]>
              </value>
            </param>
          </params>
          <reporter-output>
          </reporter-output>
        </test-method> <!-- login_Test_case -->
        <test-method signature="login_Test_case(java.lang.String,java.lang.String)[pri:0, instance:swag_testcase.Login_page_Test_Case@932bc4a]" started-at="2023-02-10T11:34:02 IST" name="login_Test_case" data-provider="excelvalue" finished-at="2023-02-10T11:34:03 IST" duration-ms="320" status="PASS">
          <params>
            <param index="0">
              <value>
                <![CDATA[performance_glitch_user]]>
              </value>
            </param>
            <param index="1">
              <value>
                <![CDATA[sfffyrgfygry]]>
              </value>
            </param>
          </params>
          <reporter-output>
          </reporter-output>
        </test-method> <!-- login_Test_case -->
        <test-method signature="login_Test_case(java.lang.String,java.lang.String)[pri:0, instance:swag_testcase.Login_page_Test_Case@932bc4a]" started-at="2023-02-10T11:34:03 IST" name="login_Test_case" data-provider="excelvalue" finished-at="2023-02-10T11:34:03 IST" duration-ms="339" status="PASS">
          <params>
            <param index="0">
              <value>
                <![CDATA[standard_user]]>
              </value>
            </param>
            <param index="1">
              <value>
                <![CDATA[secret_sauce]]>
              </value>
            </param>
          </params>
          <reporter-output>
          </reporter-output>
        </test-method> <!-- login_Test_case -->
        <test-method signature="login_Test_case(java.lang.String,java.lang.String)[pri:0, instance:swag_testcase.Login_page_Test_Case@932bc4a]" started-at="2023-02-10T11:34:03 IST" name="login_Test_case" data-provider="excelvalue" finished-at="2023-02-10T11:34:03 IST" duration-ms="327" status="PASS">
          <params>
            <param index="0">
              <value>
                <![CDATA[locked_out_user]]>
              </value>
            </param>
            <param index="1">
              <value>
                <![CDATA[secret_sauce]]>
              </value>
            </param>
          </params>
          <reporter-output>
          </reporter-output>
        </test-method> <!-- login_Test_case -->
        <test-method signature="login_Test_case(java.lang.String,java.lang.String)[pri:0, instance:swag_testcase.Login_page_Test_Case@932bc4a]" started-at="2023-02-10T11:34:03 IST" name="login_Test_case" data-provider="excelvalue" finished-at="2023-02-10T11:34:04 IST" duration-ms="301" status="PASS">
          <params>
            <param index="0">
              <value>
                <![CDATA[problem_user]]>
              </value>
            </param>
            <param index="1">
              <value>
                <![CDATA[secret_sauce]]>
              </value>
            </param>
          </params>
          <reporter-output>
          </reporter-output>
        </test-method> <!-- login_Test_case -->
        <test-method signature="login_Test_case(java.lang.String,java.lang.String)[pri:0, instance:swag_testcase.Login_page_Test_Case@932bc4a]" started-at="2023-02-10T11:34:04 IST" name="login_Test_case" data-provider="excelvalue" finished-at="2023-02-10T11:34:09 IST" duration-ms="5312" status="PASS">
          <params>
            <param index="0">
              <value>
                <![CDATA[performance_glitch_user]]>
              </value>
            </param>
            <param index="1">
              <value>
                <![CDATA[secret_sauce]]>
              </value>
            </param>
          </params>
          <reporter-output>
          </reporter-output>
        </test-method> <!-- login_Test_case -->
        <test-method is-config="true" signature="teardown()[pri:0, instance:swag_testcase.Login_page_Test_Case@932bc4a]" started-at="2023-02-10T11:34:09 IST" name="teardown" finished-at="2023-02-10T11:34:09 IST" duration-ms="0" status="PASS">
          <reporter-output>
          </reporter-output>
        </test-method> <!-- teardown -->
      </class> <!-- swag_testcase.Login_page_Test_Case -->
    </test> <!-- Login Page test case -->
  </suite> <!-- Swag Labs Test Suite -->
</testng-results>
